# JRE version: Java(TM) SE Runtime Environment (17.0.1+12) (build 17.0.1+12-LTS-39)
# Java VM: Java HotSpot(TM) 64-Bit Server VM (17.0.1+12-LTS-39, mixed mode, sharing, tiered, compressed oops, compressed class ptrs, g1 gc, windows-amd64)
GC Precious Log:
 CPUs: 4 total, 4 available
 Memory: 3964M
 Large Page Support: Disabled
 NUMA Support: Disabled
 Compressed Oops: Enabled (32-bit)
 Heap Region Size: 1M
 Heap Min Capacity: 8M
 Heap Initial Capacity: 62M
 Heap Max Capacity: 1536M
 Pre-touch: Disabled
 Parallel Workers: 4
 Concurrent Workers: 1
 Concurrent Refinement Workers: 4
 Periodic GC: Disabled
Heap:
 garbage-first heap   total 279552K, used 206621K [0x00000000a0000000, 0x0000000100000000)
  region size 1024K, 3 young (3072K), 3 survivors (3072K)
 Metaspace       used 127810K, committed 128512K, reserved 1163264K
  class space    used 16484K, committed 16832K, reserved 1048576K
GC Heap History (20 events):
Event: 101.242 GC heap after
{Heap after GC invocations=84 (full 0):
 garbage-first heap   total 232448K, used 150916K [0x00000000a0000000, 0x0000000100000000)
  region size 1024K, 5 young (5120K), 5 survivors (5120K)
 Metaspace       used 113788K, committed 114560K, reserved 1155072K
  class space    used 14474K, committed 14848K, reserved 1048576K
}
Event: 102.132 GC heap before
{Heap before GC invocations=84 (full 0):
 garbage-first heap   total 232448K, used 203140K [0x00000000a0000000, 0x0000000100000000)
  region size 1024K, 56 young (57344K), 5 survivors (5120K)
 Metaspace       used 113789K, committed 114560K, reserved 1155072K
  class space    used 14474K, committed 14848K, reserved 1048576K
}
Event: 102.151 GC heap after
{Heap after GC invocations=85 (full 0):
 garbage-first heap   total 279552K, used 152411K [0x00000000a0000000, 0x0000000100000000)
  region size 1024K, 5 young (5120K), 5 survivors (5120K)
 Metaspace       used 113789K, committed 114560K, reserved 1155072K
  class space    used 14474K, committed 14848K, reserved 1048576K
}
Event: 104.145 GC heap before
{Heap before GC invocations=85 (full 0):
 garbage-first heap   total 279552K, used 246619K [0x00000000a0000000, 0x0000000100000000)
  region size 1024K, 92 young (94208K), 5 survivors (5120K)
 Metaspace       used 115631K, committed 116288K, reserved 1155072K
  class space    used 14729K, committed 15040K, reserved 1048576K
}
Event: 104.162 GC heap after
{Heap after GC invocations=86 (full 0):
 garbage-first heap   total 279552K, used 160957K [0x00000000a0000000, 0x0000000100000000)
  region size 1024K, 12 young (12288K), 12 survivors (12288K)
 Metaspace       used 115631K, committed 116288K, reserved 1155072K
  class space    used 14729K, committed 15040K, reserved 1048576K
}
Event: 106.212 GC heap before
{Heap before GC invocations=86 (full 0):
 garbage-first heap   total 279552K, used 236733K [0x00000000a0000000, 0x0000000100000000)
  region size 1024K, 87 young (89088K), 12 survivors (12288K)
 Metaspace       used 124312K, committed 125056K, reserved 1163264K
  class space    used 16083K, committed 16448K, reserved 1048576K
}
Event: 106.248 GC heap after
{Heap after GC invocations=87 (full 0):
 garbage-first heap   total 279552K, used 170177K [0x00000000a0000000, 0x0000000100000000)
  region size 1024K, 11 young (11264K), 11 survivors (11264K)
 Metaspace       used 124312K, committed 125056K, reserved 1163264K
  class space    used 16083K, committed 16448K, reserved 1048576K
}
Event: 107.325 GC heap before
{Heap before GC invocations=87 (full 0):
 garbage-first heap   total 279552K, used 236737K [0x00000000a0000000, 0x0000000100000000)
  region size 1024K, 75 young (76800K), 11 survivors (11264K)
 Metaspace       used 126571K, committed 127296K, reserved 1163264K
  class space    used 16347K, committed 16704K, reserved 1048576K
}
Event: 107.343 GC heap after
{Heap after GC invocations=88 (full 0):
 garbage-first heap   total 279552K, used 177053K [0x00000000a0000000, 0x0000000100000000)
  region size 1024K, 9 young (9216K), 9 survivors (9216K)
 Metaspace       used 126571K, committed 127296K, reserved 1163264K
  class space    used 16347K, committed 16704K, reserved 1048576K
}
Event: 108.191 GC heap before
{Heap before GC invocations=88 (full 0):
 garbage-first heap   total 279552K, used 237469K [0x00000000a0000000, 0x0000000100000000)
  region size 1024K, 64 young (65536K), 9 survivors (9216K)
 Metaspace       used 127027K, committed 127808K, reserved 1163264K
  class space    used 16354K, committed 16704K, reserved 1048576K
}
Event: 108.205 GC heap after
{Heap after GC invocations=89 (full 0):
 garbage-first heap   total 279552K, used 174615K [0x00000000a0000000, 0x0000000100000000)
  region size 1024K, 6 young (6144K), 6 survivors (6144K)
 Metaspace       used 127027K, committed 127808K, reserved 1163264K
  class space    used 16354K, committed 16704K, reserved 1048576K
}
Event: 108.793 GC heap before
{Heap before GC invocations=89 (full 0):
 garbage-first heap   total 279552K, used 231959K [0x00000000a0000000, 0x0000000100000000)
  region size 1024K, 63 young (64512K), 6 survivors (6144K)
 Metaspace       used 127240K, committed 127936K, reserved 1163264K
  class space    used 16381K, committed 16704K, reserved 1048576K
}
Event: 108.820 GC heap after
{Heap after GC invocations=90 (full 0):
 garbage-first heap   total 279552K, used 187389K [0x00000000a0000000, 0x0000000100000000)
  region size 1024K, 8 young (8192K), 8 survivors (8192K)
 Metaspace       used 127240K, committed 127936K, reserved 1163264K
  class space    used 16381K, committed 16704K, reserved 1048576K
}
Event: 109.025 GC heap before
{Heap before GC invocations=90 (full 0):
 garbage-first heap   total 279552K, used 231421K [0x00000000a0000000, 0x0000000100000000)
  region size 1024K, 51 young (52224K), 8 survivors (8192K)
 Metaspace       used 127430K, committed 128192K, reserved 1163264K
  class space    used 16413K, committed 16768K, reserved 1048576K
}
Event: 109.040 GC heap after
{Heap after GC invocations=91 (full 0):
 garbage-first heap   total 279552K, used 191488K [0x00000000a0000000, 0x0000000100000000)
  region size 1024K, 7 young (7168K), 7 survivors (7168K)
 Metaspace       used 127430K, committed 128192K, reserved 1163264K
  class space    used 16413K, committed 16768K, reserved 1048576K
}
Event: 109.247 GC heap before
{Heap before GC invocations=91 (full 0):
 garbage-first heap   total 279552K, used 231424K [0x00000000a0000000, 0x0000000100000000)
  region size 1024K, 46 young (47104K), 7 survivors (7168K)
 Metaspace       used 127555K, committed 128256K, reserved 1163264K
  class space    used 16448K, committed 16768K, reserved 1048576K
}
Event: 109.280 GC heap after
{Heap after GC invocations=92 (full 0):
 garbage-first heap   total 279552K, used 199185K [0x00000000a0000000, 0x0000000100000000)
  region size 1024K, 6 young (6144K), 6 survivors (6144K)
 Metaspace       used 127555K, committed 128256K, reserved 1163264K
  class space    used 16448K, committed 16768K, reserved 1048576K
}
Event: 109.464 GC heap before
{Heap before GC invocations=92 (full 0):
 garbage-first heap   total 279552K, used 232977K [0x00000000a0000000, 0x0000000100000000)
  region size 1024K, 39 young (39936K), 6 survivors (6144K)
 Metaspace       used 127636K, committed 128320K, reserved 1163264K
  class space    used 16452K, committed 16768K, reserved 1048576K
}
Event: 109.484 GC heap after
{Heap after GC invocations=93 (full 0):
 garbage-first heap   total 279552K, used 204073K [0x00000000a0000000, 0x0000000100000000)
  region size 1024K, 4 young (4096K), 4 survivors (4096K)
 Metaspace       used 127636K, committed 128320K, reserved 1163264K
  class space    used 16452K, committed 16768K, reserved 1048576K
}
Event: 109.662 GC heap before
{Heap before GC invocations=93 (full 0):
 garbage-first heap   total 279552K, used 235817K [0x00000000a0000000, 0x0000000100000000)
  region size 1024K, 35 young (35840K), 4 survivors (4096K)
 Metaspace       used 127810K, committed 128512K, reserved 1163264K
  class space    used 16484K, committed 16832K, reserved 1048576K
}

