# JRE version: Java(TM) SE Runtime Environment (17.0.1+12) (build 17.0.1+12-LTS-39)
# Java VM: Java HotSpot(TM) 64-Bit Server VM (17.0.1+12-LTS-39, mixed mode, sharing, tiered, compressed oops, compressed class ptrs, g1 gc, windows-amd64)
GC Precious Log:
 CPUs: 4 total, 4 available
 Memory: 3964M
 Large Page Support: Disabled
 NUMA Support: Disabled
 Compressed Oops: Enabled (32-bit)
 Heap Region Size: 1M
 Heap Min Capacity: 8M
 Heap Initial Capacity: 62M
 Heap Max Capacity: 1536M
 Pre-touch: Disabled
 Parallel Workers: 4
 Concurrent Workers: 1
 Concurrent Refinement Workers: 4
 Periodic GC: Disabled
Heap:
 garbage-first heap   total 379904K, used 176374K [0x00000000a0000000, 0x0000000100000000)
  region size 1024K, 58 young (59392K), 25 survivors (25600K)
 Metaspace       used 92375K, committed 92928K, reserved 1130496K
  class space    used 12595K, committed 12864K, reserved 1048576K
GC Heap History (20 events):
Event: 23.503 GC heap before
{Heap before GC invocations=41 (full 0):
 garbage-first heap   total 183296K, used 141997K [0x00000000a0000000, 0x0000000100000000)
  region size 1024K, 71 young (72704K), 2 survivors (2048K)
 Metaspace       used 72655K, committed 73280K, reserved 1114112K
  class space    used 9939K, committed 10240K, reserved 1048576K
}
Event: 23.514 GC heap after
{Heap after GC invocations=42 (full 0):
 garbage-first heap   total 183296K, used 76372K [0x00000000a0000000, 0x0000000100000000)
  region size 1024K, 6 young (6144K), 6 survivors (6144K)
 Metaspace       used 72655K, committed 73280K, reserved 1114112K
  class space    used 9939K, committed 10240K, reserved 1048576K
}
Event: 25.064 GC heap before
{Heap before GC invocations=42 (full 0):
 garbage-first heap   total 183296K, used 143956K [0x00000000a0000000, 0x0000000100000000)
  region size 1024K, 73 young (74752K), 6 survivors (6144K)
 Metaspace       used 76800K, committed 77376K, reserved 1122304K
  class space    used 10414K, committed 10688K, reserved 1048576K
}
Event: 25.076 GC heap after
{Heap after GC invocations=43 (full 0):
 garbage-first heap   total 183296K, used 80045K [0x00000000a0000000, 0x0000000100000000)
  region size 1024K, 4 young (4096K), 4 survivors (4096K)
 Metaspace       used 76800K, committed 77376K, reserved 1122304K
  class space    used 10414K, committed 10688K, reserved 1048576K
}
Event: 27.020 GC heap before
{Heap before GC invocations=43 (full 0):
 garbage-first heap   total 183296K, used 146605K [0x00000000a0000000, 0x0000000100000000)
  region size 1024K, 70 young (71680K), 4 survivors (4096K)
 Metaspace       used 79754K, committed 80320K, reserved 1122304K
  class space    used 10811K, committed 11072K, reserved 1048576K
}
Event: 27.032 GC heap after
{Heap after GC invocations=44 (full 0):
 garbage-first heap   total 183296K, used 85744K [0x00000000a0000000, 0x0000000100000000)
  region size 1024K, 9 young (9216K), 9 survivors (9216K)
 Metaspace       used 79754K, committed 80320K, reserved 1122304K
  class space    used 10811K, committed 11072K, reserved 1048576K
}
Event: 27.589 GC heap before
{Heap before GC invocations=44 (full 0):
 garbage-first heap   total 183296K, used 148208K [0x00000000a0000000, 0x0000000100000000)
  region size 1024K, 71 young (72704K), 9 survivors (9216K)
 Metaspace       used 82945K, committed 83520K, reserved 1122304K
  class space    used 11250K, committed 11520K, reserved 1048576K
}
Event: 27.607 GC heap after
{Heap after GC invocations=45 (full 0):
 garbage-first heap   total 183296K, used 98918K [0x00000000a0000000, 0x0000000100000000)
  region size 1024K, 9 young (9216K), 9 survivors (9216K)
 Metaspace       used 82945K, committed 83520K, reserved 1122304K
  class space    used 11250K, committed 11520K, reserved 1048576K
}
Event: 28.003 GC heap before
{Heap before GC invocations=45 (full 0):
 garbage-first heap   total 183296K, used 147046K [0x00000000a0000000, 0x0000000100000000)
  region size 1024K, 57 young (58368K), 9 survivors (9216K)
 Metaspace       used 83939K, committed 84480K, reserved 1122304K
  class space    used 11391K, committed 11648K, reserved 1048576K
}
Event: 28.021 GC heap after
{Heap after GC invocations=46 (full 0):
 garbage-first heap   total 183296K, used 105472K [0x00000000a0000000, 0x0000000100000000)
  region size 1024K, 8 young (8192K), 8 survivors (8192K)
 Metaspace       used 83939K, committed 84480K, reserved 1122304K
  class space    used 11391K, committed 11648K, reserved 1048576K
}
Event: 28.206 GC heap before
{Heap before GC invocations=46 (full 0):
 garbage-first heap   total 183296K, used 148480K [0x00000000a0000000, 0x0000000100000000)
  region size 1024K, 50 young (51200K), 8 survivors (8192K)
 Metaspace       used 85430K, committed 86016K, reserved 1130496K
  class space    used 11628K, committed 11904K, reserved 1048576K
}
Event: 28.226 GC heap after
{Heap after GC invocations=47 (full 0):
 garbage-first heap   total 183296K, used 113368K [0x00000000a0000000, 0x0000000100000000)
  region size 1024K, 7 young (7168K), 7 survivors (7168K)
 Metaspace       used 85430K, committed 86016K, reserved 1130496K
  class space    used 11628K, committed 11904K, reserved 1048576K
}
Event: 28.358 GC heap before
{Heap before GC invocations=47 (full 0):
 garbage-first heap   total 183296K, used 150232K [0x00000000a0000000, 0x0000000100000000)
  region size 1024K, 43 young (44032K), 7 survivors (7168K)
 Metaspace       used 85994K, committed 86592K, reserved 1130496K
  class space    used 11752K, committed 12032K, reserved 1048576K
}
Event: 28.377 GC heap after
{Heap after GC invocations=48 (full 0):
 garbage-first heap   total 379904K, used 119808K [0x00000000a0000000, 0x0000000100000000)
  region size 1024K, 6 young (6144K), 6 survivors (6144K)
 Metaspace       used 85994K, committed 86592K, reserved 1130496K
  class space    used 11752K, committed 12032K, reserved 1048576K
}
Event: 30.897 GC heap before
{Heap before GC invocations=48 (full 0):
 garbage-first heap   total 379904K, used 284672K [0x00000000a0000000, 0x0000000100000000)
  region size 1024K, 167 young (171008K), 6 survivors (6144K)
 Metaspace       used 90651K, committed 91264K, reserved 1130496K
  class space    used 12364K, committed 12672K, reserved 1048576K
}
Event: 30.916 GC heap after
{Heap after GC invocations=49 (full 0):
 garbage-first heap   total 379904K, used 124204K [0x00000000a0000000, 0x0000000100000000)
  region size 1024K, 11 young (11264K), 11 survivors (11264K)
 Metaspace       used 90651K, committed 91264K, reserved 1130496K
  class space    used 12364K, committed 12672K, reserved 1048576K
}
Event: 32.226 GC heap before
{Heap before GC invocations=49 (full 0):
 garbage-first heap   total 379904K, used 295212K [0x00000000a0000000, 0x0000000100000000)
  region size 1024K, 178 young (182272K), 11 survivors (11264K)
 Metaspace       used 90803K, committed 91392K, reserved 1130496K
  class space    used 12371K, committed 12672K, reserved 1048576K
}
Event: 32.241 GC heap after
{Heap after GC invocations=50 (full 0):
 garbage-first heap   total 379904K, used 125380K [0x00000000a0000000, 0x0000000100000000)
  region size 1024K, 12 young (12288K), 12 survivors (12288K)
 Metaspace       used 90803K, committed 91392K, reserved 1130496K
  class space    used 12371K, committed 12672K, reserved 1048576K
}
Event: 33.646 GC heap before
{Heap before GC invocations=50 (full 0):
 garbage-first heap   total 379904K, used 309700K [0x00000000a0000000, 0x0000000100000000)
  region size 1024K, 192 young (196608K), 12 survivors (12288K)
 Metaspace       used 92283K, committed 92864K, reserved 1130496K
  class space    used 12584K, committed 12864K, reserved 1048576K
}
Event: 33.664 GC heap after
{Heap after GC invocations=51 (full 0):
 garbage-first heap   total 379904K, used 126976K [0x00000000a0000000, 0x0000000100000000)
  region size 1024K, 13 young (13312K), 13 survivors (13312K)
 Metaspace       used 92283K, committed 92864K, reserved 1130496K
  class space    used 12584K, committed 12864K, reserved 1048576K
}

